<?xml version="1.0" encoding="UTF-8"?>
<!-- Generated by org.testng.reporters.JUnitXMLReporter -->
<testsuite ignored="3" hostname="DESKTOP-A8PUSH6" failures="0" tests="2" name="Demo34" time="0.018" errors="0" timestamp="2024-04-02T17:59:40 IST">
  <testcase classname="Demo34.Groupsadd123" name="o1" time="0.003"/>
  <testcase classname="Demo34.Groupsadd123" name="o3" time="0.003"/>
  <testcase classname="Demo34.Groupsadd123" name="o2" time="0.0">
    <ignored/>
  </testcase> <!-- o2 -->
  <testcase classname="Demo34.Groupsadd123" name="o4" time="0.0">
    <ignored/>
  </testcase> <!-- o4 -->
  <testcase classname="Demo34.Groupsadd123" name="o5" time="0.0">
    <ignored/>
  </testcase> <!-- o5 -->
</testsuite> <!-- Demo34 -->
