<?xml version="1.0" encoding="UTF-8"?>
<!-- Generated by org.testng.reporters.JUnitXMLReporter -->
<testsuite ignored="2" hostname="DESKTOP-A8PUSH6" failures="0" tests="4" name="Demo3456" time="0.201" errors="0" timestamp="2024-04-02T17:59:39 IST">
  <testcase classname="Demo3456.Groupsadd1" name="m1" time="0.021"/>
  <testcase classname="Demo3456.Groupsadd1" name="m3" time="0.005"/>
  <testcase classname="Demo3456.Groupsadd12" name="p1" time="0.003"/>
  <testcase classname="Demo3456.Groupsadd12" name="p3" time="0.004"/>
  <testcase classname="Demo3456.Groupsadd12" name="p2" time="0.0">
    <ignored/>
  </testcase> <!-- p2 -->
  <testcase classname="Demo3456.Groupsadd1" name="m2" time="0.0">
    <ignored/>
  </testcase> <!-- m2 -->
</testsuite> <!-- Demo3456 -->
